<?xml version="1.0" encoding="UTF-8"?>
<!-- Generated by org.testng.reporters.JUnitReportReporter -->
<testsuite hostname="ASKComputers-PC" name="com.appium.test.GmailSignupTest" tests="2" failures="0" timestamp="15 Sep 2016 12:40:32 GMT" time="748.652" errors="0">
  <testcase name="VerifyPasswdMismatchError" time="67.132" classname="com.appium.test.GmailSignupTest"/>
  <testcase name="VerifyPasswdMismatchError" time="681.520" classname="com.appium.test.GmailSignupTest"/>
</testsuite> <!-- com.appium.test.GmailSignupTest -->
